nDiceRolls  |  1 Core (java)  |  1 Core (scala)  | 1 GPU (C++)  | 1 GPU (Java)  | 1 GPU (Scala)
            256   0.09000   0.21000   0.29000   2.38000   2.54000
            256   0.05000   0.21000   0.28000   2.39000   2.52000
            512   0.05000   0.21000   0.28000   2.40000   2.53000
            768   0.06000   0.21000   0.28000   2.38000   2.53000
           1280   0.06000   0.21000   0.28000   2.37000   2.53000
           1792   0.05000   0.21000   0.28000   2.38000   2.51000
           2816   0.07000   0.21000   0.28000   2.37000   2.55000
           4352   0.06000   0.22000   0.27000   2.39000   2.53000
           6400   0.06000   0.22000   0.28000   2.37000   2.52000
           9728   0.07000   0.22000   0.28000   2.40000   2.53000
          14592   0.07000   0.22000   0.28000   2.39000   2.53000
          22016   0.06000   0.23000   0.29000   2.39000   2.55000
          33024   0.07000   0.23000   0.28000   2.39000   2.53000
          49664   0.07000   0.23000   0.29000   2.39000   2.53000
          74496   0.07000   0.23000   0.29000   2.37000   2.55000
         111872   0.08000   0.23000   0.29000   2.38000   2.52000
         167936   0.07000   0.23000   0.28000   2.40000   2.55000
         252160   0.08000   0.24000   0.28000   2.39000   2.54000
         378112   0.08000   0.24000   0.27000   2.37000   2.53000
         567296   0.09000   0.25000   0.29000   2.38000   2.54000
         850944   0.11000   0.26000   0.28000   2.38000   2.52000
        1276672   0.12000   0.29000   0.28000   2.38000   2.51000
        1914880   0.15000   0.31000   0.28000   2.39000   2.51000
        2872576   0.19000   0.35000   0.29000   2.38000   2.55000
        4308736   0.26000   0.42000   0.28000   2.40000   2.52000
        6463232   0.36000   0.51000   0.27000   2.39000   2.54000
        9694976   0.50000   0.66000   0.28000   2.39000   2.52000
       14542592   0.72000   0.89000   0.28000   2.40000   2.53000
       21813760   1.05000   1.22000   0.29000   2.38000   2.54000
       32720896   1.54000   1.71000   0.28000   2.39000   2.53000
       49081344   2.27000   2.46000   0.30000   2.38000   2.53000
       73622016   3.38000   3.57000   0.31000   2.39000   2.54000
      110433280   5.04000   5.26000   0.32000   2.41000   2.54000
      165649920   7.53000   7.77000   0.34000   2.43000   2.54000
      248474880  11.25000  11.61000   0.36000   2.42000   2.56000
      372712448  16.93000  17.20000   0.38000   2.44000   2.58000
      559068928  25.22000  25.71000   0.45000   2.47000   2.61000
      838603264  37.80000  38.43000   0.49000   2.49000   2.66000
     1257905152  56.86000  57.66000   0.61000   2.56000   2.69000
     1886857728  85.24000  86.25000   0.77000   2.64000   2.81000
     2830286592 127.75000 129.22000   1.01000   2.77000   2.91000
     4245430016  -1.00000  -1.00000   1.35000   2.96000   3.15000
     6368145152  -1.00000  -1.00000   1.89000   3.29000   3.38000
     9552217856  -1.00000  -1.00000   2.70000   3.75000   3.87000
    14328326912  -1.00000  -1.00000   3.90000   4.38000   4.52000
    21492490496  -1.00000  -1.00000   5.72000   5.35000   5.52000
    32238735872  -1.00000  -1.00000  38.62000   6.85000   6.98000
    48358103808  -1.00000  -1.00000  40.29000   9.07000   9.23000
    72537155840  -1.00000  -1.00000  42.78000  12.51000  12.61000
   108805733888  -1.00000  -1.00000  38.53000  39.64000  39.68000
   163208601088  -1.00000  -1.00000  37.54000  39.86000  46.59000
   244812901632  -1.00000  -1.00000  38.60000  45.22000  39.88000
